<?xml version="1.0" encoding="UTF-8"?>
<!-- Generated by org.testng.reporters.JUnitXMLReporter -->
<testsuite hostname="DESKTOP-27L8JE7" ignored="0" name="ChromeTest" tests="4" failures="0" timestamp="13 Jun 2021 09:48:51 GMT" time="52.929" errors="0">
  <testcase name="@AfterMethod tearDown" time="10.312" classname="demoproject.June3PMSelenium.LinksTesting1">
    <failure type="org.openqa.selenium.WebDriverException" message="java.net.ConnectException: Failed to connect to localhost/0:0:0:0:0:0:0:1:10823
Build info: version: &amp;apos;3.141.59&amp;apos;, revision: &amp;apos;e82be7d358&amp;apos;, time: &amp;apos;2018-11-14T08:17:03&amp;apos;
System info: host: &amp;apos;DESKTOP-27L8JE7&amp;apos;, ip: &amp;apos;10.0.0.3&amp;apos;, os.name: &amp;apos;Windows 10&amp;apos;, os.arch: &amp;apos;amd64&amp;apos;, os.version: &amp;apos;10.0&amp;apos;, java.version: &amp;apos;1.8.0_241&amp;apos;
Driver info: driver.version: RemoteWebDriver">
      <![CDATA[org.openqa.selenium.WebDriverException: java.net.ConnectException: Failed to connect to localhost/0:0:0:0:0:0:0:1:10823
Build info: version: '3.141.59', revision: 'e82be7d358', time: '2018-11-14T08:17:03'
System info: host: 'DESKTOP-27L8JE7', ip: '10.0.0.3', os.name: 'Windows 10', os.arch: 'amd64', os.version: '10.0', java.version: '1.8.0_241'
Driver info: driver.version: RemoteWebDriver
at org.openqa.selenium.remote.service.DriverCommandExecutor.execute(DriverCommandExecutor.java:92)
at org.openqa.selenium.remote.RemoteWebDriver.execute(RemoteWebDriver.java:552)
at org.openqa.selenium.remote.RemoteWebDriver.execute(RemoteWebDriver.java:609)
at org.openqa.selenium.remote.RemoteWebDriver.quit(RemoteWebDriver.java:452)
at demoproject.June3PMSelenium.LinksTesting1.tearDown(LinksTesting1.java:56)
at java.util.concurrent.FutureTask.run(Unknown Source)
at java.util.concurrent.ThreadPoolExecutor.runWorker(Unknown Source)
at java.util.concurrent.ThreadPoolExecutor$Worker.run(Unknown Source)
at java.lang.Thread.run(Unknown Source)
Caused by: java.net.ConnectException: Failed to connect to localhost/0:0:0:0:0:0:0:1:10823
at okhttp3.internal.connection.RealConnection.connectSocket(RealConnection.java:247)
at okhttp3.internal.connection.RealConnection.connect(RealConnection.java:165)
at okhttp3.internal.connection.StreamAllocation.findConnection(StreamAllocation.java:257)
at okhttp3.internal.connection.StreamAllocation.findHealthyConnection(StreamAllocation.java:135)
at okhttp3.internal.connection.StreamAllocation.newStream(StreamAllocation.java:114)
at okhttp3.internal.connection.ConnectInterceptor.intercept(ConnectInterceptor.java:42)
at okhttp3.internal.http.RealInterceptorChain.proceed(RealInterceptorChain.java:147)
at okhttp3.internal.http.RealInterceptorChain.proceed(RealInterceptorChain.java:121)
at okhttp3.internal.cache.CacheInterceptor.intercept(CacheInterceptor.java:93)
at okhttp3.internal.http.RealInterceptorChain.proceed(RealInterceptorChain.java:147)
at okhttp3.internal.http.RealInterceptorChain.proceed(RealInterceptorChain.java:121)
at okhttp3.internal.http.BridgeInterceptor.intercept(BridgeInterceptor.java:93)
at okhttp3.internal.http.RealInterceptorChain.proceed(RealInterceptorChain.java:147)
at okhttp3.internal.http.RetryAndFollowUpInterceptor.intercept(RetryAndFollowUpInterceptor.java:126)
at okhttp3.internal.http.RealInterceptorChain.proceed(RealInterceptorChain.java:147)
at okhttp3.internal.http.RealInterceptorChain.proceed(RealInterceptorChain.java:121)
at okhttp3.RealCall.getResponseWithInterceptorChain(RealCall.java:200)
at okhttp3.RealCall.execute(RealCall.java:77)
at org.openqa.selenium.remote.internal.OkHttpClient.execute(OkHttpClient.java:103)
at org.openqa.selenium.remote.HttpCommandExecutor.execute(HttpCommandExecutor.java:155)
at org.openqa.selenium.remote.service.DriverCommandExecutor.execute(DriverCommandExecutor.java:83)
... 27 more
Caused by: java.net.ConnectException: Connection refused: connect
at java.net.DualStackPlainSocketImpl.waitForConnect(Native Method)
at java.net.DualStackPlainSocketImpl.socketConnect(Unknown Source)
at java.net.AbstractPlainSocketImpl.doConnect(Unknown Source)
at java.net.AbstractPlainSocketImpl.connectToAddress(Unknown Source)
at java.net.AbstractPlainSocketImpl.connect(Unknown Source)
at java.net.PlainSocketImpl.connect(Unknown Source)
at java.net.SocksSocketImpl.connect(Unknown Source)
at java.net.Socket.connect(Unknown Source)
at okhttp3.internal.platform.Platform.connectSocket(Platform.java:129)
at okhttp3.internal.connection.RealConnection.connectSocket(RealConnection.java:245)
... 47 more
... Removed 19 stack frames]]>
    </failure>
  </testcase> <!-- @AfterMethod tearDown -->
  <testcase name="@BeforeMethod beforeMethod" time="3.233" classname="demoproject.June3PMSelenium.RadioButton1">
    <failure type="org.openqa.selenium.InvalidArgumentException" message="invalid argument: user data directory is already in use, please specify a unique value for --user-data-dir argument, or don&amp;apos;t use --user-data-dir
Build info: version: &amp;apos;3.141.59&amp;apos;, revision: &amp;apos;e82be7d358&amp;apos;, time: &amp;apos;2018-11-14T08:17:03&amp;apos;
System info: host: &amp;apos;DESKTOP-27L8JE7&amp;apos;, ip: &amp;apos;10.0.0.3&amp;apos;, os.name: &amp;apos;Windows 10&amp;apos;, os.arch: &amp;apos;amd64&amp;apos;, os.version: &amp;apos;10.0&amp;apos;, java.version: &amp;apos;1.8.0_241&amp;apos;
Driver info: driver.version: ChromeDriver
remote stacktrace: Backtrace:
	Ordinal0 [0x0042C013+2474003]
	Ordinal0 [0x003C29C1+2042305]
	Ordinal0 [0x002D2F68+1060712]
	Ordinal0 [0x002EE7D5+1173461]
	Ordinal0 [0x002EAA83+1157763]
	Ordinal0 [0x0031A2A2+1352354]
	Ordinal0 [0x00318FAA+1347498]
	Ordinal0 [0x003166DB+1337051]
	Ordinal0 [0x002F3427+1192999]
	Ordinal0 [0x002F42EE+1196782]
	Ordinal0 [0x002F4279+1196665]
	GetHandleVerifier [0x005B96FC+1590332]
	GetHandleVerifier [0x00668614+2306900]
	GetHandleVerifier [0x004B9E93+543699]
	GetHandleVerifier [0x004B92CE+540686]
	Ordinal0 [0x003C86BA+2066106]
	Ordinal0 [0x003CD1C8+2085320]
	Ordinal0 [0x003CD308+2085640]
	Ordinal0 [0x003D67F3+2123763]
	BaseThreadInitThunk [0x7569FA29+25]
	RtlGetAppContainerNamedObjectPath [0x77287A9E+286]
	RtlGetAppContainerNamedObjectPath [0x77287A6E+238]
">
      <![CDATA[org.openqa.selenium.InvalidArgumentException: invalid argument: user data directory is already in use, please specify a unique value for --user-data-dir argument, or don't use --user-data-dir
Build info: version: '3.141.59', revision: 'e82be7d358', time: '2018-11-14T08:17:03'
System info: host: 'DESKTOP-27L8JE7', ip: '10.0.0.3', os.name: 'Windows 10', os.arch: 'amd64', os.version: '10.0', java.version: '1.8.0_241'
Driver info: driver.version: ChromeDriver
remote stacktrace: Backtrace:
Ordinal0 [0x0042C013+2474003]
Ordinal0 [0x003C29C1+2042305]
Ordinal0 [0x002D2F68+1060712]
Ordinal0 [0x002EE7D5+1173461]
Ordinal0 [0x002EAA83+1157763]
Ordinal0 [0x0031A2A2+1352354]
Ordinal0 [0x00318FAA+1347498]
Ordinal0 [0x003166DB+1337051]
Ordinal0 [0x002F3427+1192999]
Ordinal0 [0x002F42EE+1196782]
Ordinal0 [0x002F4279+1196665]
GetHandleVerifier [0x005B96FC+1590332]
GetHandleVerifier [0x00668614+2306900]
GetHandleVerifier [0x004B9E93+543699]
GetHandleVerifier [0x004B92CE+540686]
Ordinal0 [0x003C86BA+2066106]
Ordinal0 [0x003CD1C8+2085320]
Ordinal0 [0x003CD308+2085640]
Ordinal0 [0x003D67F3+2123763]
BaseThreadInitThunk [0x7569FA29+25]
RtlGetAppContainerNamedObjectPath [0x77287A9E+286]
RtlGetAppContainerNamedObjectPath [0x77287A6E+238]

at org.openqa.selenium.remote.W3CHandshakeResponse.lambda$errorHandler$0(W3CHandshakeResponse.java:62)
at org.openqa.selenium.remote.HandshakeResponse.lambda$getResponseFunction$0(HandshakeResponse.java:30)
at org.openqa.selenium.remote.ProtocolHandshake.lambda$createSession$0(ProtocolHandshake.java:126)
at java.util.stream.ReferencePipeline$3$1.accept(Unknown Source)
at java.util.Spliterators$ArraySpliterator.tryAdvance(Unknown Source)
at java.util.stream.ReferencePipeline.forEachWithCancel(Unknown Source)
at java.util.stream.AbstractPipeline.copyIntoWithCancel(Unknown Source)
at java.util.stream.AbstractPipeline.copyInto(Unknown Source)
at java.util.stream.AbstractPipeline.wrapAndCopyInto(Unknown Source)
at java.util.stream.FindOps$FindOp.evaluateSequential(Unknown Source)
at java.util.stream.AbstractPipeline.evaluate(Unknown Source)
at java.util.stream.ReferencePipeline.findFirst(Unknown Source)
at org.openqa.selenium.remote.ProtocolHandshake.createSession(ProtocolHandshake.java:128)
at org.openqa.selenium.remote.ProtocolHandshake.createSession(ProtocolHandshake.java:74)
at org.openqa.selenium.remote.HttpCommandExecutor.execute(HttpCommandExecutor.java:136)
at org.openqa.selenium.remote.service.DriverCommandExecutor.execute(DriverCommandExecutor.java:83)
at org.openqa.selenium.remote.RemoteWebDriver.execute(RemoteWebDriver.java:552)
at org.openqa.selenium.remote.RemoteWebDriver.startSession(RemoteWebDriver.java:213)
at org.openqa.selenium.remote.RemoteWebDriver.<init>(RemoteWebDriver.java:131)
at org.openqa.selenium.chrome.ChromeDriver.<init>(ChromeDriver.java:181)
at org.openqa.selenium.chrome.ChromeDriver.<init>(ChromeDriver.java:168)
at org.openqa.selenium.chrome.ChromeDriver.<init>(ChromeDriver.java:157)
at demoproject.June3PMSelenium.BaseTest.launch(BaseTest.java:78)
at demoproject.June3PMSelenium.RadioButton1.beforeMethod(RadioButton1.java:26)
at java.util.concurrent.FutureTask.run(Unknown Source)
at java.util.concurrent.ThreadPoolExecutor.runWorker(Unknown Source)
at java.util.concurrent.ThreadPoolExecutor$Worker.run(Unknown Source)
at java.lang.Thread.run(Unknown Source)
... Removed 23 stack frames]]>
    </failure>
  </testcase> <!-- @BeforeMethod beforeMethod -->
  <testcase name="@AfterMethod afterMethod" time="0.0" classname="demoproject.June3PMSelenium.RadioButton1">
    <skipped/>
  </testcase> <!-- @AfterMethod afterMethod -->
  <testcase name="@BeforeMethod beforeMethod" time="3.205" classname="demoproject.June3PMSelenium.CheckBox1">
    <failure type="org.openqa.selenium.InvalidArgumentException" message="invalid argument: user data directory is already in use, please specify a unique value for --user-data-dir argument, or don&amp;apos;t use --user-data-dir
Build info: version: &amp;apos;3.141.59&amp;apos;, revision: &amp;apos;e82be7d358&amp;apos;, time: &amp;apos;2018-11-14T08:17:03&amp;apos;
System info: host: &amp;apos;DESKTOP-27L8JE7&amp;apos;, ip: &amp;apos;10.0.0.3&amp;apos;, os.name: &amp;apos;Windows 10&amp;apos;, os.arch: &amp;apos;amd64&amp;apos;, os.version: &amp;apos;10.0&amp;apos;, java.version: &amp;apos;1.8.0_241&amp;apos;
Driver info: driver.version: ChromeDriver
remote stacktrace: Backtrace:
	Ordinal0 [0x0042C013+2474003]
	Ordinal0 [0x003C29C1+2042305]
	Ordinal0 [0x002D2F68+1060712]
	Ordinal0 [0x002EE7D5+1173461]
	Ordinal0 [0x002EAA83+1157763]
	Ordinal0 [0x0031A2A2+1352354]
	Ordinal0 [0x00318FAA+1347498]
	Ordinal0 [0x003166DB+1337051]
	Ordinal0 [0x002F3427+1192999]
	Ordinal0 [0x002F42EE+1196782]
	Ordinal0 [0x002F4279+1196665]
	GetHandleVerifier [0x005B96FC+1590332]
	GetHandleVerifier [0x00668614+2306900]
	GetHandleVerifier [0x004B9E93+543699]
	GetHandleVerifier [0x004B92CE+540686]
	Ordinal0 [0x003C86BA+2066106]
	Ordinal0 [0x003CD1C8+2085320]
	Ordinal0 [0x003CD308+2085640]
	Ordinal0 [0x003D67F3+2123763]
	BaseThreadInitThunk [0x7569FA29+25]
	RtlGetAppContainerNamedObjectPath [0x77287A9E+286]
	RtlGetAppContainerNamedObjectPath [0x77287A6E+238]
">
      <![CDATA[org.openqa.selenium.InvalidArgumentException: invalid argument: user data directory is already in use, please specify a unique value for --user-data-dir argument, or don't use --user-data-dir
Build info: version: '3.141.59', revision: 'e82be7d358', time: '2018-11-14T08:17:03'
System info: host: 'DESKTOP-27L8JE7', ip: '10.0.0.3', os.name: 'Windows 10', os.arch: 'amd64', os.version: '10.0', java.version: '1.8.0_241'
Driver info: driver.version: ChromeDriver
remote stacktrace: Backtrace:
Ordinal0 [0x0042C013+2474003]
Ordinal0 [0x003C29C1+2042305]
Ordinal0 [0x002D2F68+1060712]
Ordinal0 [0x002EE7D5+1173461]
Ordinal0 [0x002EAA83+1157763]
Ordinal0 [0x0031A2A2+1352354]
Ordinal0 [0x00318FAA+1347498]
Ordinal0 [0x003166DB+1337051]
Ordinal0 [0x002F3427+1192999]
Ordinal0 [0x002F42EE+1196782]
Ordinal0 [0x002F4279+1196665]
GetHandleVerifier [0x005B96FC+1590332]
GetHandleVerifier [0x00668614+2306900]
GetHandleVerifier [0x004B9E93+543699]
GetHandleVerifier [0x004B92CE+540686]
Ordinal0 [0x003C86BA+2066106]
Ordinal0 [0x003CD1C8+2085320]
Ordinal0 [0x003CD308+2085640]
Ordinal0 [0x003D67F3+2123763]
BaseThreadInitThunk [0x7569FA29+25]
RtlGetAppContainerNamedObjectPath [0x77287A9E+286]
RtlGetAppContainerNamedObjectPath [0x77287A6E+238]

at org.openqa.selenium.remote.W3CHandshakeResponse.lambda$errorHandler$0(W3CHandshakeResponse.java:62)
at org.openqa.selenium.remote.HandshakeResponse.lambda$getResponseFunction$0(HandshakeResponse.java:30)
at org.openqa.selenium.remote.ProtocolHandshake.lambda$createSession$0(ProtocolHandshake.java:126)
at java.util.stream.ReferencePipeline$3$1.accept(Unknown Source)
at java.util.Spliterators$ArraySpliterator.tryAdvance(Unknown Source)
at java.util.stream.ReferencePipeline.forEachWithCancel(Unknown Source)
at java.util.stream.AbstractPipeline.copyIntoWithCancel(Unknown Source)
at java.util.stream.AbstractPipeline.copyInto(Unknown Source)
at java.util.stream.AbstractPipeline.wrapAndCopyInto(Unknown Source)
at java.util.stream.FindOps$FindOp.evaluateSequential(Unknown Source)
at java.util.stream.AbstractPipeline.evaluate(Unknown Source)
at java.util.stream.ReferencePipeline.findFirst(Unknown Source)
at org.openqa.selenium.remote.ProtocolHandshake.createSession(ProtocolHandshake.java:128)
at org.openqa.selenium.remote.ProtocolHandshake.createSession(ProtocolHandshake.java:74)
at org.openqa.selenium.remote.HttpCommandExecutor.execute(HttpCommandExecutor.java:136)
at org.openqa.selenium.remote.service.DriverCommandExecutor.execute(DriverCommandExecutor.java:83)
at org.openqa.selenium.remote.RemoteWebDriver.execute(RemoteWebDriver.java:552)
at org.openqa.selenium.remote.RemoteWebDriver.startSession(RemoteWebDriver.java:213)
at org.openqa.selenium.remote.RemoteWebDriver.<init>(RemoteWebDriver.java:131)
at org.openqa.selenium.chrome.ChromeDriver.<init>(ChromeDriver.java:181)
at org.openqa.selenium.chrome.ChromeDriver.<init>(ChromeDriver.java:168)
at org.openqa.selenium.chrome.ChromeDriver.<init>(ChromeDriver.java:157)
at demoproject.June3PMSelenium.BaseTest.launch(BaseTest.java:78)
at demoproject.June3PMSelenium.CheckBox1.beforeMethod(CheckBox1.java:26)
at java.util.concurrent.FutureTask.run(Unknown Source)
at java.util.concurrent.ThreadPoolExecutor.runWorker(Unknown Source)
at java.util.concurrent.ThreadPoolExecutor$Worker.run(Unknown Source)
at java.lang.Thread.run(Unknown Source)
... Removed 23 stack frames]]>
    </failure>
  </testcase> <!-- @BeforeMethod beforeMethod -->
  <testcase name="@AfterMethod afterMethod" time="0.0" classname="demoproject.June3PMSelenium.CheckBox1">
    <skipped/>
  </testcase> <!-- @AfterMethod afterMethod -->
  <testcase name="@BeforeMethod startProcess" time="3.617" classname="demoproject.June3PMSelenium.TNG_002">
    <failure type="org.openqa.selenium.InvalidArgumentException" message="invalid argument: user data directory is already in use, please specify a unique value for --user-data-dir argument, or don&amp;apos;t use --user-data-dir
Build info: version: &amp;apos;3.141.59&amp;apos;, revision: &amp;apos;e82be7d358&amp;apos;, time: &amp;apos;2018-11-14T08:17:03&amp;apos;
System info: host: &amp;apos;DESKTOP-27L8JE7&amp;apos;, ip: &amp;apos;10.0.0.3&amp;apos;, os.name: &amp;apos;Windows 10&amp;apos;, os.arch: &amp;apos;amd64&amp;apos;, os.version: &amp;apos;10.0&amp;apos;, java.version: &amp;apos;1.8.0_241&amp;apos;
Driver info: driver.version: ChromeDriver
remote stacktrace: Backtrace:
	Ordinal0 [0x0042C013+2474003]
	Ordinal0 [0x003C29C1+2042305]
	Ordinal0 [0x002D2F68+1060712]
	Ordinal0 [0x002EE7D5+1173461]
	Ordinal0 [0x002EAA83+1157763]
	Ordinal0 [0x0031A2A2+1352354]
	Ordinal0 [0x00318FAA+1347498]
	Ordinal0 [0x003166DB+1337051]
	Ordinal0 [0x002F3427+1192999]
	Ordinal0 [0x002F42EE+1196782]
	Ordinal0 [0x002F4279+1196665]
	GetHandleVerifier [0x005B96FC+1590332]
	GetHandleVerifier [0x00668614+2306900]
	GetHandleVerifier [0x004B9E93+543699]
	GetHandleVerifier [0x004B92CE+540686]
	Ordinal0 [0x003C86BA+2066106]
	Ordinal0 [0x003CD1C8+2085320]
	Ordinal0 [0x003CD308+2085640]
	Ordinal0 [0x003D67F3+2123763]
	BaseThreadInitThunk [0x7569FA29+25]
	RtlGetAppContainerNamedObjectPath [0x77287A9E+286]
	RtlGetAppContainerNamedObjectPath [0x77287A6E+238]
">
      <![CDATA[org.openqa.selenium.InvalidArgumentException: invalid argument: user data directory is already in use, please specify a unique value for --user-data-dir argument, or don't use --user-data-dir
Build info: version: '3.141.59', revision: 'e82be7d358', time: '2018-11-14T08:17:03'
System info: host: 'DESKTOP-27L8JE7', ip: '10.0.0.3', os.name: 'Windows 10', os.arch: 'amd64', os.version: '10.0', java.version: '1.8.0_241'
Driver info: driver.version: ChromeDriver
remote stacktrace: Backtrace:
Ordinal0 [0x0042C013+2474003]
Ordinal0 [0x003C29C1+2042305]
Ordinal0 [0x002D2F68+1060712]
Ordinal0 [0x002EE7D5+1173461]
Ordinal0 [0x002EAA83+1157763]
Ordinal0 [0x0031A2A2+1352354]
Ordinal0 [0x00318FAA+1347498]
Ordinal0 [0x003166DB+1337051]
Ordinal0 [0x002F3427+1192999]
Ordinal0 [0x002F42EE+1196782]
Ordinal0 [0x002F4279+1196665]
GetHandleVerifier [0x005B96FC+1590332]
GetHandleVerifier [0x00668614+2306900]
GetHandleVerifier [0x004B9E93+543699]
GetHandleVerifier [0x004B92CE+540686]
Ordinal0 [0x003C86BA+2066106]
Ordinal0 [0x003CD1C8+2085320]
Ordinal0 [0x003CD308+2085640]
Ordinal0 [0x003D67F3+2123763]
BaseThreadInitThunk [0x7569FA29+25]
RtlGetAppContainerNamedObjectPath [0x77287A9E+286]
RtlGetAppContainerNamedObjectPath [0x77287A6E+238]

at org.openqa.selenium.remote.W3CHandshakeResponse.lambda$errorHandler$0(W3CHandshakeResponse.java:62)
at org.openqa.selenium.remote.HandshakeResponse.lambda$getResponseFunction$0(HandshakeResponse.java:30)
at org.openqa.selenium.remote.ProtocolHandshake.lambda$createSession$0(ProtocolHandshake.java:126)
at java.util.stream.ReferencePipeline$3$1.accept(Unknown Source)
at java.util.Spliterators$ArraySpliterator.tryAdvance(Unknown Source)
at java.util.stream.ReferencePipeline.forEachWithCancel(Unknown Source)
at java.util.stream.AbstractPipeline.copyIntoWithCancel(Unknown Source)
at java.util.stream.AbstractPipeline.copyInto(Unknown Source)
at java.util.stream.AbstractPipeline.wrapAndCopyInto(Unknown Source)
at java.util.stream.FindOps$FindOp.evaluateSequential(Unknown Source)
at java.util.stream.AbstractPipeline.evaluate(Unknown Source)
at java.util.stream.ReferencePipeline.findFirst(Unknown Source)
at org.openqa.selenium.remote.ProtocolHandshake.createSession(ProtocolHandshake.java:128)
at org.openqa.selenium.remote.ProtocolHandshake.createSession(ProtocolHandshake.java:74)
at org.openqa.selenium.remote.HttpCommandExecutor.execute(HttpCommandExecutor.java:136)
at org.openqa.selenium.remote.service.DriverCommandExecutor.execute(DriverCommandExecutor.java:83)
at org.openqa.selenium.remote.RemoteWebDriver.execute(RemoteWebDriver.java:552)
at org.openqa.selenium.remote.RemoteWebDriver.startSession(RemoteWebDriver.java:213)
at org.openqa.selenium.remote.RemoteWebDriver.<init>(RemoteWebDriver.java:131)
at org.openqa.selenium.chrome.ChromeDriver.<init>(ChromeDriver.java:181)
at org.openqa.selenium.chrome.ChromeDriver.<init>(ChromeDriver.java:168)
at org.openqa.selenium.chrome.ChromeDriver.<init>(ChromeDriver.java:157)
at demoproject.June3PMSelenium.BaseTest.launch(BaseTest.java:78)
at demoproject.June3PMSelenium.TNG_002.startProcess(TNG_002.java:22)
at java.util.concurrent.FutureTask.run(Unknown Source)
at java.util.concurrent.ThreadPoolExecutor.runWorker(Unknown Source)
at java.util.concurrent.ThreadPoolExecutor$Worker.run(Unknown Source)
at java.lang.Thread.run(Unknown Source)
... Removed 23 stack frames]]>
    </failure>
  </testcase> <!-- @BeforeMethod startProcess -->
  <testcase name="@AfterMethod endProcess" time="0.0" classname="demoproject.June3PMSelenium.TNG_002">
    <skipped/>
  </testcase> <!-- @AfterMethod endProcess -->
  <testcase name="linktesting1" time="8.924" classname="demoproject.June3PMSelenium.LinksTesting1"/>
  <testcase name="radioButtonTest" time="0.0" classname="demoproject.June3PMSelenium.RadioButton1">
    <skipped/>
  </testcase> <!-- radioButtonTest -->
  <testcase name="checkboxTest" time="0.0" classname="demoproject.June3PMSelenium.CheckBox1">
    <skipped/>
  </testcase> <!-- checkboxTest -->
  <testcase name="amazon" time="0.0" classname="demoproject.June3PMSelenium.TNG_002">
    <skipped/>
  </testcase> <!-- amazon -->
</testsuite> <!-- ChromeTest -->
